A51 MACRO ASSEMBLER  UYG                                                                  04/16/2020 20:10:24 PAGE     1


MACRO ASSEMBLER A51 V8.2.7.0
OBJECT MODULE PLACED IN .\Objects\uyg.obj
ASSEMBLER INVOKED BY: C:\Keil_v5\C51\BIN\A51.EXE uyg.asm SET(SMALL) DEBUG PRINT(.\Listings\uyg.lst) OBJECT(.\Objects\uyg
                      .obj) EP

LOC  OBJ            LINE     SOURCE

                       1     ;BS2A
                       2     
0000                   3                     ORG 00H
0000 802E              4                     SJMP GIRIS
0030                   5                     ORG 30H
0030 7590FF            6     GIRIS:MOV P1, #0FFH
0033 2090FD            7     TETIKLE: JB P1.0, TETIKLE
0036 7900              8                     MOV R1, #0
0038 8002              9                     SJMP BASLA
003A 7901             10     SIFIRLA:MOV R1, #1
003C 7814             11     BASLA:  MOV R0, #20
003E 758901           12                     MOV TMOD, #01H ; T0 mod 1 timer
0041 758C3C           13     SAY:    MOV TH0, #3CH ;#HIGH(15536)
0044 758AB0           14                     MOV TL0, #0B0H ;#LOW(15536)
0047 D28C             15                     SETB TR0
                      16                     
0049 B90043           17                     CJNE R1, #0, KONTROL
                      18     
004C 75A000           19     KUR:    MOV P2, #00H
004F D2A2             20                     SETB P2.2
0051 D2A3             21                     SETB P2.3
0053 D2A4             22                     SETB P2.4
0055 D2A5             23                     SETB P2.5
0057 D2A6             24                     SETB P2.6
0059 C2B0             25                     CLR P3.0
005B 75A000           26                     MOV P2, #00H
005E D2B0             27                     SETB P3.0
                      28                     
0060 D2A0             29                     SETB P2.0
0062 D2A3             30                     SETB P2.3
0064 D2A4             31                     SETB P2.4
0066 D2A6             32                     SETB P2.6
0068 C2B1             33                     CLR P3.1
006A 75A000           34                     MOV P2, #00H
006D D2B1             35                     SETB P3.1
                      36                     
                      37                     
006F 746D             38                     MOV A, #6DH
0071 F5A0             39                     MOV P2, A
0073 C2B2             40                     CLR P3.2
0075 75A000           41                     MOV P2, #00H
0078 D2B2             42                     SETB P3.2
                      43                     
007A D2A0             44                     SETB P2.0
007C D2A1             45                     SETB P2.1
007E D2A2             46                     SETB P2.2
0080 D2A3             47                     SETB P2.3
0082 D2A4             48                     SETB P2.4
0084 D2A6             49                     SETB P2.6
0086 C2B3             50                     CLR P3.3
0088 75A000           51                     MOV P2, #00H
008B D2B3             52                     SETB P3.3
008D 7900             53                     MOV R1, #0
                      54                     
008F 308DFD           55     KONTROL:JNB TF0, KONTROL
0092 C28D             56                     CLR TF0
0094 D8AB             57                     DJNZ R0, SAY
A51 MACRO ASSEMBLER  UYG                                                                  04/16/2020 20:10:24 PAGE     2

0096 B901A3           58                     CJNE R1, #1, BASLA
0099 809F             59                     SJMP SIFIRLA
                      60                     END
                             
                             
                             ;KUR:   ;CALL SETSIFIR
                             ;               MOV P2, #00H
                             ;               SETB P2.2
                             ;               SETB P2.3
                             ;               SETB P2.4
                             ;               SETB P2.5
                             ;               SETB P2.6
                             ;               MOV A, #1
                             ;               MOV P3, A
                             ;               ;CALL GECIKTIR
                             ;               MOV P2, #00H
                             ;               SETB P2.0
                             ;               SETB P2.3
                             ;               SETB P2.4
                             ;               SETB P2.6
                             ;               MOV A, #2
                             ;               MOV P3, A
                             ;               ;CALL GECIKTIR
                             ;               MOV P2, #00H
                             ;               MOV A, 5BH
                             ;               MOV P2, A
                             ;               MOV A, #4
                             ;               MOV P3, A
                             ;               ;CALL GECIKTIR
                             ;               MOV P2, #00H
                             ;               SETB P2.0
                             ;               SETB P2.1
                             ;               SETB P2.2
                             ;               SETB P2.3
                             ;               SETB P2.4
                             ;               SETB P2.6
                             ;               MOV A, #8
                             ;               MOV P3, A
                             ;               ;CALL GECIKTIR
                             ;               MOV R1, #0
                             ;               SJMP BASLA
                             ;SIFIRLA:MOV R1, #1
                             ;BASLA: MOV R0, #20
                             ;               MOV TMOD, #01H ; T0 mod 1 timer
                             ;SAY:   MOV TH0, #3CH ;#HIGH(15536)
                             ;               MOV TL0, #0B0H ;#LOW(15536)
                             ;               SETB TR0
                             ;KONTROL:JNB TF0, KONTROL
                             ;               CLR TF0
                             ;               DJNZ R0, SAY
                             ;               CALL SETSIFIR
                             ;               CJNE R1, #1, KUR
                             ;               SJMP SIFIRLA
                             ;               
                             ;SETSIFIR:MOV A, #1
                             ;               MOV P3, A
                             ;               MOV P2, #00H
                             ;               MOV A, #2
                             ;               MOV P3, A
                             ;               MOV P2, #00H
                             ;               MOV A, #4
                             ;               MOV P3, A
                             ;               MOV P2, #00H
                             ;               MOV A, #8
                             ;               MOV P3, A
                             ;               MOV P2, #00H
A51 MACRO ASSEMBLER  UYG                                                                  04/16/2020 20:10:24 PAGE     3

                             ;               RET
                             ;               
                             ;GECIKTIR:MOV R0, #1
                             ;               MOV TMOD, #01H ; T0 mod 1 timer
                             ;SAY2:  MOV TH0, #3CH ;#HIGH(15536)
                             ;               MOV TL0, #0B0H ;#LOW(15536)
                             ;               SETB TR0
                             ;KONTROL2:JNB TF0, KONTROL2
                             ;               CLR TF0
                             ;               DJNZ R0, SAY2
                             ;               RET
                             ;               
                             ;               END
                                                     
                                                     
                                                     
                             ;               SETB TR0
                             ;KONTROL:JNB TF0, KONTROL
                             ;               CLR TF0
                             ;               DJNZ R0, SAY
                             ;               JZ AKTIFET
                             ;KAPAT:  MOV A, #00H
                             ;               MOV P2, A
                             ;               SJMP BASLA
                             ;AKTIFET:MOV A, #0FFH
                             ;               MOV P2, A
                             ;               SJMP BASLA
                             ;               END
A51 MACRO ASSEMBLER  UYG                                                                  04/16/2020 20:10:24 PAGE     4

SYMBOL TABLE LISTING
------ ----- -------


N A M E             T Y P E  V A L U E   ATTRIBUTES

BASLA. . . . . . .  C ADDR   003CH   A   
GIRIS. . . . . . .  C ADDR   0030H   A   
KONTROL. . . . . .  C ADDR   008FH   A   
KUR. . . . . . . .  C ADDR   004CH   A   
P1 . . . . . . . .  D ADDR   0090H   A   
P2 . . . . . . . .  D ADDR   00A0H   A   
P3 . . . . . . . .  D ADDR   00B0H   A   
SAY. . . . . . . .  C ADDR   0041H   A   
SIFIRLA. . . . . .  C ADDR   003AH   A   
TETIKLE. . . . . .  C ADDR   0033H   A   
TF0. . . . . . . .  B ADDR   0088H.5 A   
TH0. . . . . . . .  D ADDR   008CH   A   
TL0. . . . . . . .  D ADDR   008AH   A   
TMOD . . . . . . .  D ADDR   0089H   A   
TR0. . . . . . . .  B ADDR   0088H.4 A   


REGISTER BANK(S) USED: 0 


ASSEMBLY COMPLETE.  0 WARNING(S), 0 ERROR(S)
